Build started 3/27/2026 9:24:32 AM.
     1>Project "C:\Users\dcsuser\Downloads\23\23\23\23.vcxproj" on node 2 (build target(s)).
     1>PrepareForBuild:
         Creating directory "C:\Users\dcsuser\Downloads\23\23\Debug\".
       InitializeBuildStatus:
         Creating "Debug\23.unsuccessfulbuild" because "AlwaysCreate" was specified.
       ClCompile:
         C:\Program Files (x86)\Microsoft Visual Studio 10.0\VC\bin\CL.exe /c /ZI /nologo /W3 /WX- /Od /Oy- /D _MBCS /Gm /EHsc /RTC1 /MDd /GS /fp:precise /Zc:wchar_t /Zc:forScope /Fo"Debug\\" /Fd"Debug\vc100.pdb" /Gd /TP /analyze- /errorReport:prompt clipping.cpp
         clipping.cpp
       Link:
         C:\Program Files (x86)\Microsoft Visual Studio 10.0\VC\bin\link.exe /ERRORREPORT:PROMPT /OUT:"C:\Users\dcsuser\Downloads\23\23\Debug\23.exe" /NOLOGO kernel32.lib user32.lib gdi32.lib winspool.lib comdlg32.lib advapi32.lib shell32.lib ole32.lib oleaut32.lib uuid.lib odbc32.lib odbccp32.lib /MANIFEST /ManifestFile:"Debug\23.exe.intermediate.manifest" /MANIFESTUAC:"level='asInvoker' uiAccess='false'" /DEBUG /PDB:"C:\Users\dcsuser\Downloads\23\23\Debug\23.pdb" /TLBID:1 /DYNAMICBASE /NXCOMPAT /IMPLIB:"C:\Users\dcsuser\Downloads\23\23\Debug\23.lib" /MACHINE:X86 Debug\clipping.obj
         23.vcxproj -> C:\Users\dcsuser\Downloads\23\23\Debug\23.exe
       Manifest:
         C:\Program Files (x86)\Microsoft SDKs\Windows\v7.0A\bin\mt.exe /nologo /verbose /outputresource:"C:\Users\dcsuser\Downloads\23\23\Debug\23.exe;#1" /manifest Debug\23.exe.intermediate.manifest
       FinalizeBuildStatus:
         Deleting file "Debug\23.unsuccessfulbuild".
         Touching "Debug\23.lastbuildstate".
     1>Done Building Project "C:\Users\dcsuser\Downloads\23\23\23\23.vcxproj" (build target(s)).

Build succeeded.

Time Elapsed 00:00:01.26
