Build started 3/13/2026 9:04:58 AM.
     1>Project "C:\Users\DCSUSER\Desktop\23\openGLTut\circledrawing\circledrawing\circledrawing.vcxproj" on node 2 (build target(s)).
     1>PrepareForBuild:
         Creating directory "C:\Users\DCSUSER\Desktop\23\openGLTut\circledrawing\Debug\".
       InitializeBuildStatus:
         Creating "Debug\circledrawing.unsuccessfulbuild" because "AlwaysCreate" was specified.
       ClCompile:
         C:\Program Files (x86)\Microsoft Visual Studio 10.0\VC\bin\CL.exe /c /ZI /nologo /W3 /WX- /Od /Oy- /D _MBCS /Gm /EHsc /RTC1 /MDd /GS /fp:precise /Zc:wchar_t /Zc:forScope /Fo"Debug\\" /Fd"Debug\vc100.pdb" /Gd /TP /analyze- /errorReport:prompt circledraw.cpp
         circledraw.cpp
       Link:
         C:\Program Files (x86)\Microsoft Visual Studio 10.0\VC\bin\link.exe /ERRORREPORT:PROMPT /OUT:"C:\Users\DCSUSER\Desktop\23\openGLTut\circledrawing\Debug\circledrawing.exe" /NOLOGO kernel32.lib user32.lib gdi32.lib winspool.lib comdlg32.lib advapi32.lib shell32.lib ole32.lib oleaut32.lib uuid.lib odbc32.lib odbccp32.lib /MANIFEST /ManifestFile:"Debug\circledrawing.exe.intermediate.manifest" /MANIFESTUAC:"level='asInvoker' uiAccess='false'" /DEBUG /PDB:"C:\Users\DCSUSER\Desktop\23\openGLTut\circledrawing\Debug\circledrawing.pdb" /TLBID:1 /DYNAMICBASE /NXCOMPAT /IMPLIB:"C:\Users\DCSUSER\Desktop\23\openGLTut\circledrawing\Debug\circledrawing.lib" /MACHINE:X86 Debug\circledraw.obj
         circledrawing.vcxproj -> C:\Users\DCSUSER\Desktop\23\openGLTut\circledrawing\Debug\circledrawing.exe
       Manifest:
         C:\Program Files (x86)\Microsoft SDKs\Windows\v7.0A\bin\mt.exe /nologo /verbose /outputresource:"C:\Users\DCSUSER\Desktop\23\openGLTut\circledrawing\Debug\circledrawing.exe;#1" /manifest Debug\circledrawing.exe.intermediate.manifest
       FinalizeBuildStatus:
         Deleting file "Debug\circledrawing.unsuccessfulbuild".
         Touching "Debug\circledrawing.lastbuildstate".
     1>Done Building Project "C:\Users\DCSUSER\Desktop\23\openGLTut\circledrawing\circledrawing\circledrawing.vcxproj" (build target(s)).

Build succeeded.

Time Elapsed 00:00:01.07
