Build started 3/20/2026 10:25:52 AM.
     1>Project "C:\Users\DCSUser\Desktop\New folder\openGLTut\Rotate\Rotate\Rotate.vcxproj" on node 2 (build target(s)).
     1>PrepareForBuild:
         Creating directory "C:\Users\DCSUser\Desktop\New folder\openGLTut\Rotate\Debug\".
       InitializeBuildStatus:
         Creating "Debug\Rotate.unsuccessfulbuild" because "AlwaysCreate" was specified.
       ClCompile:
         C:\Program Files (x86)\Microsoft Visual Studio 10.0\VC\bin\CL.exe /c /ZI /nologo /W3 /WX- /Od /Oy- /D _MBCS /Gm /EHsc /RTC1 /MDd /GS /fp:precise /Zc:wchar_t /Zc:forScope /Fo"Debug\\" /Fd"Debug\vc100.pdb" /Gd /TP /analyze- /errorReport:prompt Rotate.cpp
         Rotate.cpp
       Link:
         C:\Program Files (x86)\Microsoft Visual Studio 10.0\VC\bin\link.exe /ERRORREPORT:PROMPT /OUT:"C:\Users\DCSUser\Desktop\New folder\openGLTut\Rotate\Debug\Rotate.exe" /NOLOGO kernel32.lib user32.lib gdi32.lib winspool.lib comdlg32.lib advapi32.lib shell32.lib ole32.lib oleaut32.lib uuid.lib odbc32.lib odbccp32.lib /MANIFEST /ManifestFile:"Debug\Rotate.exe.intermediate.manifest" /MANIFESTUAC:"level='asInvoker' uiAccess='false'" /DEBUG /PDB:"C:\Users\DCSUser\Desktop\New folder\openGLTut\Rotate\Debug\Rotate.pdb" /TLBID:1 /DYNAMICBASE /NXCOMPAT /IMPLIB:"C:\Users\DCSUser\Desktop\New folder\openGLTut\Rotate\Debug\Rotate.lib" /MACHINE:X86 Debug\Rotate.obj
         Rotate.vcxproj -> C:\Users\DCSUser\Desktop\New folder\openGLTut\Rotate\Debug\Rotate.exe
       Manifest:
         C:\Program Files (x86)\Microsoft SDKs\Windows\v7.0A\bin\mt.exe /nologo /verbose /outputresource:"C:\Users\DCSUser\Desktop\New folder\openGLTut\Rotate\Debug\Rotate.exe;#1" /manifest Debug\Rotate.exe.intermediate.manifest
       FinalizeBuildStatus:
         Deleting file "Debug\Rotate.unsuccessfulbuild".
         Touching "Debug\Rotate.lastbuildstate".
     1>Done Building Project "C:\Users\DCSUser\Desktop\New folder\openGLTut\Rotate\Rotate\Rotate.vcxproj" (build target(s)).

Build succeeded.

Time Elapsed 00:00:00.77
